<?xml version="1.0" encoding="UTF-8"?>
<!-- Generated by org.testng.reporters.JUnitXMLReporter -->
<testsuite ignored="1" hostname="BCTN-PC-WA00162" failures="0" tests="6" name="AllTests" time="0.044" errors="0" timestamp="2018-10-16T16:50:38 BST">
  <testcase classname="qaclickacademy.APITest" name="APITestScenario" time="0.008"/>
  <testcase classname="qaclickacademy.APITest" name="deleteTwitter" time="0.0"/>
  <testcase classname="qaclickacademy.AppiumTest" name="IOSApps" time="0.001"/>
  <testcase classname="qaclickacademy.AppiumTest" name="NativeAppAndriod" time="0.0"/>
  <testcase classname="qaclickacademy.SeleniumTest" name="BrowserAutomation" time="0.0"/>
  <testcase classname="qaclickacademy.SeleniumTest" name="elementsUI" time="0.001"/>
  <testcase classname="qaclickacademy.APITest" name="postJira" time="0.0">
    <ignored/>
  </testcase> <!-- postJira -->
</testsuite> <!-- AllTests -->
