<?xml version="1.0" encoding="UTF-8"?>
<testng-results ignored="1" total="7" passed="6" failed="0" skipped="0">
  <reporter-output>
  </reporter-output>
  <suite started-at="2018-10-16T16:50:38 BST" name="TestAll" finished-at="2018-10-16T16:50:38 BST" duration-ms="44">
    <groups>
    </groups>
    <test started-at="2018-10-16T16:50:38 BST" name="AllTests" finished-at="2018-10-16T16:50:38 BST" duration-ms="44">
      <class name="qaclickacademy.AppiumTest">
        <test-method signature="IOSApps()[pri:0, instance:qaclickacademy.AppiumTest@3c3d9b6b]" started-at="2018-10-16T16:50:38 BST" name="IOSApps" finished-at="2018-10-16T16:50:38 BST" duration-ms="1" status="PASS">
          <reporter-output>
          </reporter-output>
        </test-method> <!-- IOSApps -->
        <test-method signature="NativeAppAndriod()[pri:0, instance:qaclickacademy.AppiumTest@3c3d9b6b]" started-at="2018-10-16T16:50:38 BST" name="NativeAppAndriod" finished-at="2018-10-16T16:50:38 BST" duration-ms="0" status="PASS">
          <reporter-output>
          </reporter-output>
        </test-method> <!-- NativeAppAndriod -->
      </class> <!-- qaclickacademy.AppiumTest -->
      <class name="qaclickacademy.APITest">
        <test-method signature="APITestScenario()[pri:0, instance:qaclickacademy.APITest@158a8276]" started-at="2018-10-16T16:50:38 BST" name="APITestScenario" finished-at="2018-10-16T16:50:38 BST" duration-ms="8" status="PASS">
          <reporter-output>
          </reporter-output>
        </test-method> <!-- APITestScenario -->
        <test-method signature="deleteTwitter()[pri:0, instance:qaclickacademy.APITest@158a8276]" started-at="2018-10-16T16:50:38 BST" name="deleteTwitter" finished-at="2018-10-16T16:50:38 BST" duration-ms="0" status="PASS">
          <reporter-output>
          </reporter-output>
        </test-method> <!-- deleteTwitter -->
      </class> <!-- qaclickacademy.APITest -->
      <class name="qaclickacademy.SeleniumTest">
        <test-method signature="elementsUI()[pri:0, instance:qaclickacademy.SeleniumTest@79d8407f]" started-at="2018-10-16T16:50:38 BST" name="elementsUI" finished-at="2018-10-16T16:50:38 BST" duration-ms="1" status="PASS">
          <reporter-output>
          </reporter-output>
        </test-method> <!-- elementsUI -->
        <test-method signature="BrowserAutomation()[pri:0, instance:qaclickacademy.SeleniumTest@79d8407f]" started-at="2018-10-16T16:50:38 BST" name="BrowserAutomation" finished-at="2018-10-16T16:50:38 BST" duration-ms="0" status="PASS">
          <reporter-output>
          </reporter-output>
        </test-method> <!-- BrowserAutomation -->
      </class> <!-- qaclickacademy.SeleniumTest -->
    </test> <!-- AllTests -->
  </suite> <!-- TestAll -->
</testng-results>
